#0 building with "default" instance using docker driver

#1 [internal] load build definition from Dockerfile
#1 transferring dockerfile: 664B done
#1 DONE 0.0s

#2 [internal] load metadata for docker.io/library/python:3.11.4-slim-buster
#2 DONE 0.3s

#3 [internal] load .dockerignore
#3 transferring context: 2B done
#3 DONE 0.0s

#4 [ 1/10] FROM docker.io/library/python:3.11.4-slim-buster@sha256:c46b0ae5728c2247b99903098ade3176a58e274d9c7d2efeaaab3e0621a53935
#4 DONE 0.0s

#5 [internal] load build context
#5 transferring context: 1.07kB done
#5 DONE 0.0s

#6 [ 7/10] COPY ./entrypoint.sh /usr/src/app/entrypoint.sh
#6 CACHED

#7 [ 6/10] RUN pip install -r requirements.txt
#7 CACHED

#8 [ 2/10] WORKDIR /usr/src/app
#8 CACHED

#9 [ 5/10] COPY ./requirements.txt .
#9 CACHED

#10 [ 3/10] RUN apt-get update && apt-get install -y netcat
#10 CACHED

#11 [ 4/10] RUN pip install --upgrade pip
#11 CACHED

#12 [ 8/10] RUN sed -i 's/\r$//g' /usr/src/app/entrypoint.sh
#12 CACHED

#13 [ 9/10] RUN chmod +x /usr/src/app/entrypoint.sh
#13 CACHED

#14 [10/10] COPY . .
#14 DONE 0.0s

#15 exporting to image
#15 exporting layers 0.0s done
#15 writing image sha256:4ef12d6e3434f683255d51cfa04888f3b92cd1359ab696cebea2477bab02a39a done
#15 DONE 0.0s
